{
  "name": "Update user details",
  "status": "failed",
  "statusDetails": {
    "message": "AssertionError: Page title expected to be 'Account Page'\nActual value: Euronics Site | Buy Home and Kitchen Appliances Online | Euronics \nCall log:\nPageAssertions.to_have_title with timeout 5000ms\n  - waiting for locator(\":root\")\n  -   locator resolved to <html lang=\"en\">…</html>\n  -   unexpected value \"Euronics Site | Buy Home and Kitchen Appliances Online | Euronics\"\n  -   locator resolved to <html lang=\"en\">…</html>\n  -   unexpected value \"Euronics Site | Buy Home and Kitchen Appliances Online | Euronics\"\n  -   locator resolved to <html lang=\"en\">…</html>\n  -   unexpected value \"Euronics Site | Buy Home and Kitchen Appliances Online | Euronics\"\n  -   locator resolved to <html lang=\"en\">…</html>\n  -   unexpected value \"Euronics Site | Buy Home and Kitchen Appliances Online | Euronics\"\n  -   locator resolved to <html lang=\"en\">…</html>\n  -   unexpected value \"Euronics Site | Buy Home and Kitchen Appliances Online | Euronics\"\n  -   locator resolved to <html lang=\"en\">…</html>\n  -   unexpected value \"Euronics Site | Buy Home and Kitchen Appliances Online | Euronics\"\n  -   locator resolved to <html lang=\"en\">…</html>\n  -   unexpected value \"Euronics Site | Buy Home and Kitchen Appliances Online | Euronics\"\n  -   locator resolved to <html lang=\"en\">…</html>\n  -   unexpected value \"Euronics Site | Buy Home and Kitchen Appliances Online | Euronics\"\n  -   locator resolved to <html lang=\"en\">…</html>\n  -   unexpected value \"Euronics Site | Buy Home and Kitchen Appliances Online | Euronics\"\n\n",
    "trace": "  File \"C:\\Users\\markj\\PycharmProjects\\euronics\\.venv\\Lib\\site-packages\\behave\\model.py\", line 1329, in run\n    match.run(runner.context)\n  File \"C:\\Users\\markj\\PycharmProjects\\euronics\\.venv\\Lib\\site-packages\\behave\\matchers.py\", line 98, in run\n    self.func(context, *args, **kwargs)\n  File \"features\\steps\\account_page_steps.py\", line 10, in step_impl\n    expect(account_page.page).to_have_title(account_page.page_title())\n  File \"C:\\Users\\markj\\PycharmProjects\\euronics\\.venv\\Lib\\site-packages\\playwright\\sync_api\\_generated.py\", line 18448, in to_have_title\n    self._sync(\n  File \"C:\\Users\\markj\\PycharmProjects\\euronics\\.venv\\Lib\\site-packages\\playwright\\_impl\\_sync_base.py\", line 115, in _sync\n    return task.result()\n           ^^^^^^^^^^^^^\n  File \"C:\\Users\\markj\\PycharmProjects\\euronics\\.venv\\Lib\\site-packages\\playwright\\_impl\\_assertions.py\", line 103, in to_have_title\n    await self._expect_impl(\n  File \"C:\\Users\\markj\\PycharmProjects\\euronics\\.venv\\Lib\\site-packages\\playwright\\_impl\\_assertions.py\", line 74, in _expect_impl\n    raise AssertionError(\n"
  },
  "steps": [
    {
      "name": "Given I am on the home page",
      "status": "passed",
      "start": 1728998446832,
      "stop": 1728998446868
    },
    {
      "name": "When I click the cookie accept button",
      "status": "passed",
      "start": 1728998446868,
      "stop": 1728998446969
    },
    {
      "name": "Then the cookie accept button should no longer be visible",
      "status": "passed",
      "start": 1728998446969,
      "stop": 1728998447711
    },
    {
      "name": "When I enter a postcode",
      "status": "passed",
      "start": 1728998447711,
      "stop": 1728998448570
    },
    {
      "name": "Then the postcode search input should no longer be visible",
      "status": "passed",
      "start": 1728998448570,
      "stop": 1728998449486
    },
    {
      "name": "Given I am on the account page",
      "status": "failed",
      "statusDetails": {
        "message": "AssertionError: Page title expected to be 'Account Page'\nActual value: Euronics Site | Buy Home and Kitchen Appliances Online | Euronics \nCall log:\nPageAssertions.to_have_title with timeout 5000ms\n  - waiting for locator(\":root\")\n  -   locator resolved to <html lang=\"en\">…</html>\n  -   unexpected value \"Euronics Site | Buy Home and Kitchen Appliances Online | Euronics\"\n  -   locator resolved to <html lang=\"en\">…</html>\n  -   unexpected value \"Euronics Site | Buy Home and Kitchen Appliances Online | Euronics\"\n  -   locator resolved to <html lang=\"en\">…</html>\n  -   unexpected value \"Euronics Site | Buy Home and Kitchen Appliances Online | Euronics\"\n  -   locator resolved to <html lang=\"en\">…</html>\n  -   unexpected value \"Euronics Site | Buy Home and Kitchen Appliances Online | Euronics\"\n  -   locator resolved to <html lang=\"en\">…</html>\n  -   unexpected value \"Euronics Site | Buy Home and Kitchen Appliances Online | Euronics\"\n  -   locator resolved to <html lang=\"en\">…</html>\n  -   unexpected value \"Euronics Site | Buy Home and Kitchen Appliances Online | Euronics\"\n  -   locator resolved to <html lang=\"en\">…</html>\n  -   unexpected value \"Euronics Site | Buy Home and Kitchen Appliances Online | Euronics\"\n  -   locator resolved to <html lang=\"en\">…</html>\n  -   unexpected value \"Euronics Site | Buy Home and Kitchen Appliances Online | Euronics\"\n  -   locator resolved to <html lang=\"en\">…</html>\n  -   unexpected value \"Euronics Site | Buy Home and Kitchen Appliances Online | Euronics\"\n\n",
        "trace": "  File \"C:\\Users\\markj\\PycharmProjects\\euronics\\.venv\\Lib\\site-packages\\behave\\model.py\", line 1329, in run\n    match.run(runner.context)\n  File \"C:\\Users\\markj\\PycharmProjects\\euronics\\.venv\\Lib\\site-packages\\behave\\matchers.py\", line 98, in run\n    self.func(context, *args, **kwargs)\n  File \"features\\steps\\account_page_steps.py\", line 10, in step_impl\n    expect(account_page.page).to_have_title(account_page.page_title())\n  File \"C:\\Users\\markj\\PycharmProjects\\euronics\\.venv\\Lib\\site-packages\\playwright\\sync_api\\_generated.py\", line 18448, in to_have_title\n    self._sync(\n  File \"C:\\Users\\markj\\PycharmProjects\\euronics\\.venv\\Lib\\site-packages\\playwright\\_impl\\_sync_base.py\", line 115, in _sync\n    return task.result()\n           ^^^^^^^^^^^^^\n  File \"C:\\Users\\markj\\PycharmProjects\\euronics\\.venv\\Lib\\site-packages\\playwright\\_impl\\_assertions.py\", line 103, in to_have_title\n    await self._expect_impl(\n  File \"C:\\Users\\markj\\PycharmProjects\\euronics\\.venv\\Lib\\site-packages\\playwright\\_impl\\_assertions.py\", line 74, in _expect_impl\n    raise AssertionError(\n"
      },
      "attachments": [
        {
          "name": "screenshot",
          "source": "0a0d407b-126c-429c-b653-e8afe66e881c-attachment.png",
          "type": "image/png"
        }
      ],
      "start": 1728998449486,
      "stop": 1728998454807
    },
    {
      "name": "When I update my user details",
      "status": "skipped",
      "start": 1728998454879,
      "stop": 1728998454879
    },
    {
      "name": "Then my details should be saved successfully",
      "status": "skipped",
      "start": 1728998454879,
      "stop": 1728998454879
    }
  ],
  "start": 1728998444967,
  "stop": 1728998454879,
  "uuid": "6ba84611-6e4c-4640-98f8-05d78e682ead",
  "historyId": "54feaa72caae093801c3b873d7c9ec2e",
  "fullName": "Account Page Actions: Update user details",
  "labels": [
    {
      "name": "severity",
      "value": "normal"
    },
    {
      "name": "feature",
      "value": "Account Page Actions"
    },
    {
      "name": "framework",
      "value": "behave"
    },
    {
      "name": "language",
      "value": "cpython3"
    }
  ]
}