{
  "name": "Login to account and proceed with checkout",
  "status": "failed",
  "statusDetails": {
    "message": "AssertionError: Page title expected to be 'Login'\nActual value: Euronics Site | Buy Home and Kitchen Appliances Online | Euronics \nCall log:\nPageAssertions.to_have_title with timeout 5000ms\n  - waiting for locator(\":root\")\n  -   locator resolved to <html lang=\"en\">…</html>\n  -   unexpected value \"Euronics Site | Buy Home and Kitchen Appliances Online | Euronics\"\n  -   locator resolved to <html lang=\"en\">…</html>\n  -   unexpected value \"Euronics Site | Buy Home and Kitchen Appliances Online | Euronics\"\n  -   locator resolved to <html lang=\"en\">…</html>\n  -   unexpected value \"Euronics Site | Buy Home and Kitchen Appliances Online | Euronics\"\n  -   locator resolved to <html lang=\"en\">…</html>\n  -   unexpected value \"Euronics Site | Buy Home and Kitchen Appliances Online | Euronics\"\n  -   locator resolved to <html lang=\"en\">…</html>\n  -   unexpected value \"Euronics Site | Buy Home and Kitchen Appliances Online | Euronics\"\n  -   locator resolved to <html lang=\"en\">…</html>\n  -   unexpected value \"Euronics Site | Buy Home and Kitchen Appliances Online | Euronics\"\n  -   locator resolved to <html lang=\"en\">…</html>\n  -   unexpected value \"Euronics Site | Buy Home and Kitchen Appliances Online | Euronics\"\n  -   locator resolved to <html lang=\"en\">…</html>\n  -   unexpected value \"Euronics Site | Buy Home and Kitchen Appliances Online | Euronics\"\n\n",
    "trace": "  File \"C:\\Users\\markj\\PycharmProjects\\euronics\\.venv\\Lib\\site-packages\\behave\\model.py\", line 1329, in run\n    match.run(runner.context)\n  File \"C:\\Users\\markj\\PycharmProjects\\euronics\\.venv\\Lib\\site-packages\\behave\\matchers.py\", line 98, in run\n    self.func(context, *args, **kwargs)\n  File \"features\\steps\\login_page_steps.py\", line 10, in step_impl\n    expect(login_page.page).to_have_title(login_page.page_title())\n  File \"C:\\Users\\markj\\PycharmProjects\\euronics\\.venv\\Lib\\site-packages\\playwright\\sync_api\\_generated.py\", line 18448, in to_have_title\n    self._sync(\n  File \"C:\\Users\\markj\\PycharmProjects\\euronics\\.venv\\Lib\\site-packages\\playwright\\_impl\\_sync_base.py\", line 115, in _sync\n    return task.result()\n           ^^^^^^^^^^^^^\n  File \"C:\\Users\\markj\\PycharmProjects\\euronics\\.venv\\Lib\\site-packages\\playwright\\_impl\\_assertions.py\", line 103, in to_have_title\n    await self._expect_impl(\n  File \"C:\\Users\\markj\\PycharmProjects\\euronics\\.venv\\Lib\\site-packages\\playwright\\_impl\\_assertions.py\", line 74, in _expect_impl\n    raise AssertionError(\n"
  },
  "steps": [
    {
      "name": "Given I am on the home page",
      "status": "passed",
      "start": 1728998550315,
      "stop": 1728998550343
    },
    {
      "name": "When I click the cookie accept button",
      "status": "passed",
      "start": 1728998550343,
      "stop": 1728998550421
    },
    {
      "name": "Then the cookie accept button should no longer be visible",
      "status": "passed",
      "start": 1728998550421,
      "stop": 1728998551626
    },
    {
      "name": "When I enter a postcode",
      "status": "passed",
      "start": 1728998551626,
      "stop": 1728998552048
    },
    {
      "name": "Then the postcode search input should no longer be visible",
      "status": "passed",
      "start": 1728998552048,
      "stop": 1728998552484
    },
    {
      "name": "Given I am on the login page",
      "status": "failed",
      "statusDetails": {
        "message": "AssertionError: Page title expected to be 'Login'\nActual value: Euronics Site | Buy Home and Kitchen Appliances Online | Euronics \nCall log:\nPageAssertions.to_have_title with timeout 5000ms\n  - waiting for locator(\":root\")\n  -   locator resolved to <html lang=\"en\">…</html>\n  -   unexpected value \"Euronics Site | Buy Home and Kitchen Appliances Online | Euronics\"\n  -   locator resolved to <html lang=\"en\">…</html>\n  -   unexpected value \"Euronics Site | Buy Home and Kitchen Appliances Online | Euronics\"\n  -   locator resolved to <html lang=\"en\">…</html>\n  -   unexpected value \"Euronics Site | Buy Home and Kitchen Appliances Online | Euronics\"\n  -   locator resolved to <html lang=\"en\">…</html>\n  -   unexpected value \"Euronics Site | Buy Home and Kitchen Appliances Online | Euronics\"\n  -   locator resolved to <html lang=\"en\">…</html>\n  -   unexpected value \"Euronics Site | Buy Home and Kitchen Appliances Online | Euronics\"\n  -   locator resolved to <html lang=\"en\">…</html>\n  -   unexpected value \"Euronics Site | Buy Home and Kitchen Appliances Online | Euronics\"\n  -   locator resolved to <html lang=\"en\">…</html>\n  -   unexpected value \"Euronics Site | Buy Home and Kitchen Appliances Online | Euronics\"\n  -   locator resolved to <html lang=\"en\">…</html>\n  -   unexpected value \"Euronics Site | Buy Home and Kitchen Appliances Online | Euronics\"\n\n",
        "trace": "  File \"C:\\Users\\markj\\PycharmProjects\\euronics\\.venv\\Lib\\site-packages\\behave\\model.py\", line 1329, in run\n    match.run(runner.context)\n  File \"C:\\Users\\markj\\PycharmProjects\\euronics\\.venv\\Lib\\site-packages\\behave\\matchers.py\", line 98, in run\n    self.func(context, *args, **kwargs)\n  File \"features\\steps\\login_page_steps.py\", line 10, in step_impl\n    expect(login_page.page).to_have_title(login_page.page_title())\n  File \"C:\\Users\\markj\\PycharmProjects\\euronics\\.venv\\Lib\\site-packages\\playwright\\sync_api\\_generated.py\", line 18448, in to_have_title\n    self._sync(\n  File \"C:\\Users\\markj\\PycharmProjects\\euronics\\.venv\\Lib\\site-packages\\playwright\\_impl\\_sync_base.py\", line 115, in _sync\n    return task.result()\n           ^^^^^^^^^^^^^\n  File \"C:\\Users\\markj\\PycharmProjects\\euronics\\.venv\\Lib\\site-packages\\playwright\\_impl\\_assertions.py\", line 103, in to_have_title\n    await self._expect_impl(\n  File \"C:\\Users\\markj\\PycharmProjects\\euronics\\.venv\\Lib\\site-packages\\playwright\\_impl\\_assertions.py\", line 74, in _expect_impl\n    raise AssertionError(\n"
      },
      "attachments": [
        {
          "name": "screenshot",
          "source": "1cd33573-54b6-4cb3-a77d-f6a80ce97440-attachment.png",
          "type": "image/png"
        }
      ],
      "start": 1728998552484,
      "stop": 1728998557753
    },
    {
      "name": "When I log in with my email and password",
      "status": "skipped",
      "start": 1728998557832,
      "stop": 1728998557832
    },
    {
      "name": "And I proceed to checkout",
      "status": "skipped",
      "start": 1728998557832,
      "stop": 1728998557832
    },
    {
      "name": "Then I should be on the checkout page",
      "status": "broken",
      "statusDetails": {
        "message": "\nYou can implement step definitions for undefined steps with these snippets:\n\n@then(u'I should be on the checkout page')\ndef step_impl(context):\n    raise NotImplementedError(u'STEP: Then I should be on the checkout page')\n\n"
      },
      "start": 1728998557832,
      "stop": 1728998557832
    }
  ],
  "start": 1728998549263,
  "stop": 1728998557832,
  "uuid": "4c487232-c9cf-42b1-8b1c-a8c091c8d161",
  "historyId": "b546ea42d628bcb13b1f9abde3cfc2f6",
  "fullName": "Logged-In User Checkout: Login to account and proceed with checkout",
  "labels": [
    {
      "name": "severity",
      "value": "normal"
    },
    {
      "name": "feature",
      "value": "Logged-In User Checkout"
    },
    {
      "name": "framework",
      "value": "behave"
    },
    {
      "name": "language",
      "value": "cpython3"
    }
  ]
}