{
  "name": "Decrease product quantity",
  "status": "failed",
  "statusDetails": {
    "message": "AssertionError: Page title expected to be 'Basket'\nActual value: Euronics Site | Buy Home and Kitchen Appliances Online | Euronics \nCall log:\nPageAssertions.to_have_title with timeout 5000ms\n  - waiting for locator(\":root\")\n  -   locator resolved to <html lang=\"en\">…</html>\n  -   unexpected value \"Euronics Site | Buy Home and Kitchen Appliances Online | Euronics\"\n  -   locator resolved to <html lang=\"en\">…</html>\n  -   unexpected value \"Euronics Site | Buy Home and Kitchen Appliances Online | Euronics\"\n  -   locator resolved to <html lang=\"en\">…</html>\n  -   unexpected value \"Euronics Site | Buy Home and Kitchen Appliances Online | Euronics\"\n  -   locator resolved to <html lang=\"en\">…</html>\n  -   unexpected value \"Euronics Site | Buy Home and Kitchen Appliances Online | Euronics\"\n  -   locator resolved to <html lang=\"en\">…</html>\n  -   unexpected value \"Euronics Site | Buy Home and Kitchen Appliances Online | Euronics\"\n  -   locator resolved to <html lang=\"en\">…</html>\n  -   unexpected value \"Euronics Site | Buy Home and Kitchen Appliances Online | Euronics\"\n  -   locator resolved to <html lang=\"en\">…</html>\n  -   unexpected value \"Euronics Site | Buy Home and Kitchen Appliances Online | Euronics\"\n  -   locator resolved to <html lang=\"en\">…</html>\n  -   unexpected value \"Euronics Site | Buy Home and Kitchen Appliances Online | Euronics\"\n\n",
    "trace": "  File \"C:\\Users\\markj\\PycharmProjects\\euronics\\.venv\\Lib\\site-packages\\behave\\model.py\", line 1329, in run\n    match.run(runner.context)\n  File \"C:\\Users\\markj\\PycharmProjects\\euronics\\.venv\\Lib\\site-packages\\behave\\matchers.py\", line 98, in run\n    self.func(context, *args, **kwargs)\n  File \"features\\steps\\basket_page_steps.py\", line 10, in step_impl\n    expect(basket_page.page).to_have_title(basket_page.page_title())\n  File \"C:\\Users\\markj\\PycharmProjects\\euronics\\.venv\\Lib\\site-packages\\playwright\\sync_api\\_generated.py\", line 18448, in to_have_title\n    self._sync(\n  File \"C:\\Users\\markj\\PycharmProjects\\euronics\\.venv\\Lib\\site-packages\\playwright\\_impl\\_sync_base.py\", line 115, in _sync\n    return task.result()\n           ^^^^^^^^^^^^^\n  File \"C:\\Users\\markj\\PycharmProjects\\euronics\\.venv\\Lib\\site-packages\\playwright\\_impl\\_assertions.py\", line 103, in to_have_title\n    await self._expect_impl(\n  File \"C:\\Users\\markj\\PycharmProjects\\euronics\\.venv\\Lib\\site-packages\\playwright\\_impl\\_assertions.py\", line 74, in _expect_impl\n    raise AssertionError(\n"
  },
  "steps": [
    {
      "name": "Given I am on the home page",
      "status": "passed",
      "start": 1728998487317,
      "stop": 1728998487365
    },
    {
      "name": "When I click the cookie accept button",
      "status": "passed",
      "start": 1728998487365,
      "stop": 1728998487440
    },
    {
      "name": "Then the cookie accept button should no longer be visible",
      "status": "passed",
      "start": 1728998487440,
      "stop": 1728998487877
    },
    {
      "name": "When I enter a postcode",
      "status": "passed",
      "start": 1728998487877,
      "stop": 1728998488083
    },
    {
      "name": "Then the postcode search input should no longer be visible",
      "status": "passed",
      "start": 1728998488083,
      "stop": 1728998488477
    },
    {
      "name": "Given I am on the basket page",
      "status": "failed",
      "statusDetails": {
        "message": "AssertionError: Page title expected to be 'Basket'\nActual value: Euronics Site | Buy Home and Kitchen Appliances Online | Euronics \nCall log:\nPageAssertions.to_have_title with timeout 5000ms\n  - waiting for locator(\":root\")\n  -   locator resolved to <html lang=\"en\">…</html>\n  -   unexpected value \"Euronics Site | Buy Home and Kitchen Appliances Online | Euronics\"\n  -   locator resolved to <html lang=\"en\">…</html>\n  -   unexpected value \"Euronics Site | Buy Home and Kitchen Appliances Online | Euronics\"\n  -   locator resolved to <html lang=\"en\">…</html>\n  -   unexpected value \"Euronics Site | Buy Home and Kitchen Appliances Online | Euronics\"\n  -   locator resolved to <html lang=\"en\">…</html>\n  -   unexpected value \"Euronics Site | Buy Home and Kitchen Appliances Online | Euronics\"\n  -   locator resolved to <html lang=\"en\">…</html>\n  -   unexpected value \"Euronics Site | Buy Home and Kitchen Appliances Online | Euronics\"\n  -   locator resolved to <html lang=\"en\">…</html>\n  -   unexpected value \"Euronics Site | Buy Home and Kitchen Appliances Online | Euronics\"\n  -   locator resolved to <html lang=\"en\">…</html>\n  -   unexpected value \"Euronics Site | Buy Home and Kitchen Appliances Online | Euronics\"\n  -   locator resolved to <html lang=\"en\">…</html>\n  -   unexpected value \"Euronics Site | Buy Home and Kitchen Appliances Online | Euronics\"\n\n",
        "trace": "  File \"C:\\Users\\markj\\PycharmProjects\\euronics\\.venv\\Lib\\site-packages\\behave\\model.py\", line 1329, in run\n    match.run(runner.context)\n  File \"C:\\Users\\markj\\PycharmProjects\\euronics\\.venv\\Lib\\site-packages\\behave\\matchers.py\", line 98, in run\n    self.func(context, *args, **kwargs)\n  File \"features\\steps\\basket_page_steps.py\", line 10, in step_impl\n    expect(basket_page.page).to_have_title(basket_page.page_title())\n  File \"C:\\Users\\markj\\PycharmProjects\\euronics\\.venv\\Lib\\site-packages\\playwright\\sync_api\\_generated.py\", line 18448, in to_have_title\n    self._sync(\n  File \"C:\\Users\\markj\\PycharmProjects\\euronics\\.venv\\Lib\\site-packages\\playwright\\_impl\\_sync_base.py\", line 115, in _sync\n    return task.result()\n           ^^^^^^^^^^^^^\n  File \"C:\\Users\\markj\\PycharmProjects\\euronics\\.venv\\Lib\\site-packages\\playwright\\_impl\\_assertions.py\", line 103, in to_have_title\n    await self._expect_impl(\n  File \"C:\\Users\\markj\\PycharmProjects\\euronics\\.venv\\Lib\\site-packages\\playwright\\_impl\\_assertions.py\", line 74, in _expect_impl\n    raise AssertionError(\n"
      },
      "attachments": [
        {
          "name": "screenshot",
          "source": "7469aa41-63ae-4897-8ac4-1310796b8cf0-attachment.png",
          "type": "image/png"
        }
      ],
      "start": 1728998488477,
      "stop": 1728998493717
    },
    {
      "name": "When I decrease the product quantity",
      "status": "skipped",
      "start": 1728998493809,
      "stop": 1728998493809
    },
    {
      "name": "Then the product quantity should be updated",
      "status": "skipped",
      "start": 1728998493809,
      "stop": 1728998493809
    }
  ],
  "start": 1728998486173,
  "stop": 1728998493809,
  "uuid": "d5194a01-2d40-40cc-8dc6-2a3baf12fef9",
  "historyId": "8374302221051c7a5bd5107f923c15bf",
  "fullName": "Basket Page Actions: Decrease product quantity",
  "labels": [
    {
      "name": "severity",
      "value": "normal"
    },
    {
      "name": "feature",
      "value": "Basket Page Actions"
    },
    {
      "name": "framework",
      "value": "behave"
    },
    {
      "name": "language",
      "value": "cpython3"
    }
  ]
}