{
  "name": "Proceed to checkout",
  "status": "failed",
  "statusDetails": {
    "message": "AssertionError: Page title expected to be 'Basket'\nActual value: Euronics Site | Buy Home and Kitchen Appliances Online | Euronics \nCall log:\nPageAssertions.to_have_title with timeout 5000ms\n  - waiting for locator(\":root\")\n  -   locator resolved to <html lang=\"en\">…</html>\n  -   unexpected value \"Euronics Site | Buy Home and Kitchen Appliances Online | Euronics\"\n  -   locator resolved to <html lang=\"en\">…</html>\n  -   unexpected value \"Euronics Site | Buy Home and Kitchen Appliances Online | Euronics\"\n  -   locator resolved to <html lang=\"en\">…</html>\n  -   unexpected value \"Euronics Site | Buy Home and Kitchen Appliances Online | Euronics\"\n  -   locator resolved to <html lang=\"en\">…</html>\n  -   unexpected value \"Euronics Site | Buy Home and Kitchen Appliances Online | Euronics\"\n  -   locator resolved to <html lang=\"en\">…</html>\n  -   unexpected value \"Euronics Site | Buy Home and Kitchen Appliances Online | Euronics\"\n  -   locator resolved to <html lang=\"en\">…</html>\n  -   unexpected value \"Euronics Site | Buy Home and Kitchen Appliances Online | Euronics\"\n  -   locator resolved to <html lang=\"en\">…</html>\n  -   unexpected value \"Euronics Site | Buy Home and Kitchen Appliances Online | Euronics\"\n  -   locator resolved to <html lang=\"en\">…</html>\n  -   unexpected value \"Euronics Site | Buy Home and Kitchen Appliances Online | Euronics\"\n\n",
    "trace": "  File \"C:\\Users\\markj\\PycharmProjects\\euronics\\.venv\\Lib\\site-packages\\behave\\model.py\", line 1329, in run\n    match.run(runner.context)\n  File \"C:\\Users\\markj\\PycharmProjects\\euronics\\.venv\\Lib\\site-packages\\behave\\matchers.py\", line 98, in run\n    self.func(context, *args, **kwargs)\n  File \"features\\steps\\basket_page_steps.py\", line 10, in step_impl\n    expect(basket_page.page).to_have_title(basket_page.page_title())\n  File \"C:\\Users\\markj\\PycharmProjects\\euronics\\.venv\\Lib\\site-packages\\playwright\\sync_api\\_generated.py\", line 18448, in to_have_title\n    self._sync(\n  File \"C:\\Users\\markj\\PycharmProjects\\euronics\\.venv\\Lib\\site-packages\\playwright\\_impl\\_sync_base.py\", line 115, in _sync\n    return task.result()\n           ^^^^^^^^^^^^^\n  File \"C:\\Users\\markj\\PycharmProjects\\euronics\\.venv\\Lib\\site-packages\\playwright\\_impl\\_assertions.py\", line 103, in to_have_title\n    await self._expect_impl(\n  File \"C:\\Users\\markj\\PycharmProjects\\euronics\\.venv\\Lib\\site-packages\\playwright\\_impl\\_assertions.py\", line 74, in _expect_impl\n    raise AssertionError(\n"
  },
  "steps": [
    {
      "name": "Given I am on the home page",
      "status": "passed",
      "start": 1728998504755,
      "stop": 1728998504794
    },
    {
      "name": "When I click the cookie accept button",
      "status": "passed",
      "start": 1728998504794,
      "stop": 1728998505000
    },
    {
      "name": "Then the cookie accept button should no longer be visible",
      "status": "passed",
      "start": 1728998505000,
      "stop": 1728998506181
    },
    {
      "name": "When I enter a postcode",
      "status": "passed",
      "start": 1728998506181,
      "stop": 1728998506518
    },
    {
      "name": "Then the postcode search input should no longer be visible",
      "status": "passed",
      "start": 1728998506518,
      "stop": 1728998506955
    },
    {
      "name": "Given I am on the basket page",
      "status": "failed",
      "statusDetails": {
        "message": "AssertionError: Page title expected to be 'Basket'\nActual value: Euronics Site | Buy Home and Kitchen Appliances Online | Euronics \nCall log:\nPageAssertions.to_have_title with timeout 5000ms\n  - waiting for locator(\":root\")\n  -   locator resolved to <html lang=\"en\">…</html>\n  -   unexpected value \"Euronics Site | Buy Home and Kitchen Appliances Online | Euronics\"\n  -   locator resolved to <html lang=\"en\">…</html>\n  -   unexpected value \"Euronics Site | Buy Home and Kitchen Appliances Online | Euronics\"\n  -   locator resolved to <html lang=\"en\">…</html>\n  -   unexpected value \"Euronics Site | Buy Home and Kitchen Appliances Online | Euronics\"\n  -   locator resolved to <html lang=\"en\">…</html>\n  -   unexpected value \"Euronics Site | Buy Home and Kitchen Appliances Online | Euronics\"\n  -   locator resolved to <html lang=\"en\">…</html>\n  -   unexpected value \"Euronics Site | Buy Home and Kitchen Appliances Online | Euronics\"\n  -   locator resolved to <html lang=\"en\">…</html>\n  -   unexpected value \"Euronics Site | Buy Home and Kitchen Appliances Online | Euronics\"\n  -   locator resolved to <html lang=\"en\">…</html>\n  -   unexpected value \"Euronics Site | Buy Home and Kitchen Appliances Online | Euronics\"\n  -   locator resolved to <html lang=\"en\">…</html>\n  -   unexpected value \"Euronics Site | Buy Home and Kitchen Appliances Online | Euronics\"\n\n",
        "trace": "  File \"C:\\Users\\markj\\PycharmProjects\\euronics\\.venv\\Lib\\site-packages\\behave\\model.py\", line 1329, in run\n    match.run(runner.context)\n  File \"C:\\Users\\markj\\PycharmProjects\\euronics\\.venv\\Lib\\site-packages\\behave\\matchers.py\", line 98, in run\n    self.func(context, *args, **kwargs)\n  File \"features\\steps\\basket_page_steps.py\", line 10, in step_impl\n    expect(basket_page.page).to_have_title(basket_page.page_title())\n  File \"C:\\Users\\markj\\PycharmProjects\\euronics\\.venv\\Lib\\site-packages\\playwright\\sync_api\\_generated.py\", line 18448, in to_have_title\n    self._sync(\n  File \"C:\\Users\\markj\\PycharmProjects\\euronics\\.venv\\Lib\\site-packages\\playwright\\_impl\\_sync_base.py\", line 115, in _sync\n    return task.result()\n           ^^^^^^^^^^^^^\n  File \"C:\\Users\\markj\\PycharmProjects\\euronics\\.venv\\Lib\\site-packages\\playwright\\_impl\\_assertions.py\", line 103, in to_have_title\n    await self._expect_impl(\n  File \"C:\\Users\\markj\\PycharmProjects\\euronics\\.venv\\Lib\\site-packages\\playwright\\_impl\\_assertions.py\", line 74, in _expect_impl\n    raise AssertionError(\n"
      },
      "attachments": [
        {
          "name": "screenshot",
          "source": "838bc7b0-755b-41cb-8c13-02760d622946-attachment.png",
          "type": "image/png"
        }
      ],
      "start": 1728998506955,
      "stop": 1728998512218
    },
    {
      "name": "When I proceed to checkout",
      "status": "skipped",
      "start": 1728998512303,
      "stop": 1728998512303
    },
    {
      "name": "Then I should be taken to the checkout page",
      "status": "skipped",
      "start": 1728998512303,
      "stop": 1728998512303
    }
  ],
  "start": 1728998503855,
  "stop": 1728998512303,
  "uuid": "379897db-ef98-49cf-a412-0d8ff87446c6",
  "historyId": "c8594c5891226f5a4d8588ae5e6f3fe0",
  "fullName": "Basket Page Actions: Proceed to checkout",
  "labels": [
    {
      "name": "severity",
      "value": "normal"
    },
    {
      "name": "feature",
      "value": "Basket Page Actions"
    },
    {
      "name": "framework",
      "value": "behave"
    },
    {
      "name": "language",
      "value": "cpython3"
    }
  ]
}